<?xml version="1.0" encoding="UTF-8"?>
<testng-results skipped="0" failed="0" ignored="0" total="1" passed="1">
  <reporter-output>
  </reporter-output>
  <suite name="Surefire suite" duration-ms="5065" started-at="2021-12-27T12:43:44 IST" finished-at="2021-12-27T12:43:49 IST">
    <groups>
    </groups>
    <test name="Surefire test" duration-ms="5065" started-at="2021-12-27T12:43:44 IST" finished-at="2021-12-27T12:43:49 IST">
      <class name="Test.ZAPI_Demooooooooooooo.AppTest">
        <test-method status="PASS" signature="shouldAnswerWithTrue()" name="shouldAnswerWithTrue" duration-ms="2" started-at="2021-12-27T12:43:49 IST" finished-at="2021-12-27T12:43:49 IST">
          <reporter-output>
          </reporter-output>
        </test-method> <!-- shouldAnswerWithTrue -->
      </class> <!-- Test.ZAPI_Demooooooooooooo.AppTest -->
    </test> <!-- Surefire test -->
  </suite> <!-- Surefire suite -->
</testng-results>
